<?xml version="1.0" encoding="UTF-8"?>
<!-- Generated by org.testng.reporters.JUnitXMLReporter -->
<testsuite ignored="0" hostname="YASHWANTH" failures="0" tests="4" name="Test" time="36.152" errors="0" timestamp="2023-04-19T21:34:53 IST">
  <testcase classname="guru99.testscriptinavilddata" name="test1" time="4.508"/>
  <testcase classname="guru99.testscriptlogin1" name="test1" time="1.355"/>
  <testcase classname="guru99.titleverifycation" name="test1" time="1.513"/>
  <testcase classname="guru99.homepageverifiactionmanger" name="test1" time="2.842"/>
</testsuite> <!-- Test -->
