<?xml version="1.0" encoding="UTF-8"?>
<testng-results ignored="0" total="4" passed="4" failed="0" skipped="0">
  <reporter-output>
  </reporter-output>
  <suite started-at="2023-04-19T21:34:17 IST" name="Suite" finished-at="2023-04-19T21:34:53 IST" duration-ms="36152">
    <groups>
    </groups>
    <test started-at="2023-04-19T21:34:17 IST" name="Test" finished-at="2023-04-19T21:34:53 IST" duration-ms="36152">
      <class name="guru99.titleverifycation">
        <test-method is-config="true" signature="oprnbrowser()[pri:0, instance:guru99.titleverifycation@5562c41e]" started-at="2023-04-19T21:34:39 IST" name="oprnbrowser" finished-at="2023-04-19T21:34:44 IST" duration-ms="4992" status="PASS">
          <reporter-output>
          </reporter-output>
        </test-method> <!-- oprnbrowser -->
        <test-method is-config="true" signature="logintoapplication()[pri:0, instance:guru99.titleverifycation@5562c41e]" started-at="2023-04-19T21:34:44 IST" name="logintoapplication" finished-at="2023-04-19T21:34:44 IST" duration-ms="57" status="PASS">
          <reporter-output>
          </reporter-output>
        </test-method> <!-- logintoapplication -->
        <test-method signature="test1()[pri:0, instance:guru99.titleverifycation@5562c41e]" started-at="2023-04-19T21:34:44 IST" name="test1" finished-at="2023-04-19T21:34:45 IST" duration-ms="1513" status="PASS">
          <reporter-output>
          </reporter-output>
        </test-method> <!-- test1 -->
        <test-method is-config="true" signature="quite()[pri:0, instance:guru99.titleverifycation@5562c41e]" started-at="2023-04-19T21:34:45 IST" name="quite" finished-at="2023-04-19T21:34:45 IST" duration-ms="171" status="PASS">
          <reporter-output>
          </reporter-output>
        </test-method> <!-- quite -->
        <test-method is-config="true" signature="close()[pri:0, instance:guru99.titleverifycation@5562c41e]" started-at="2023-04-19T21:34:45 IST" name="close" finished-at="2023-04-19T21:34:45 IST" duration-ms="0" status="PASS">
          <reporter-output>
          </reporter-output>
        </test-method> <!-- close -->
      </class> <!-- guru99.titleverifycation -->
      <class name="guru99.testscriptlogin1">
        <test-method is-config="true" signature="oprnbrowser()[pri:0, instance:guru99.testscriptlogin1@4d465b11]" started-at="2023-04-19T21:34:33 IST" name="oprnbrowser" finished-at="2023-04-19T21:34:37 IST" duration-ms="4273" status="PASS">
          <reporter-output>
          </reporter-output>
        </test-method> <!-- oprnbrowser -->
        <test-method is-config="true" signature="logintoapplication()[pri:0, instance:guru99.testscriptlogin1@4d465b11]" started-at="2023-04-19T21:34:37 IST" name="logintoapplication" finished-at="2023-04-19T21:34:37 IST" duration-ms="105" status="PASS">
          <reporter-output>
          </reporter-output>
        </test-method> <!-- logintoapplication -->
        <test-method signature="test1()[pri:0, instance:guru99.testscriptlogin1@4d465b11]" started-at="2023-04-19T21:34:37 IST" name="test1" finished-at="2023-04-19T21:34:38 IST" duration-ms="1355" status="PASS">
          <reporter-output>
          </reporter-output>
        </test-method> <!-- test1 -->
        <test-method is-config="true" signature="close()[pri:0, instance:guru99.testscriptlogin1@4d465b11]" started-at="2023-04-19T21:34:38 IST" name="close" finished-at="2023-04-19T21:34:38 IST" duration-ms="1" status="PASS">
          <reporter-output>
          </reporter-output>
        </test-method> <!-- close -->
        <test-method is-config="true" signature="quite()[pri:0, instance:guru99.testscriptlogin1@4d465b11]" started-at="2023-04-19T21:34:38 IST" name="quite" finished-at="2023-04-19T21:34:39 IST" duration-ms="168" status="PASS">
          <reporter-output>
          </reporter-output>
        </test-method> <!-- quite -->
      </class> <!-- guru99.testscriptlogin1 -->
      <class name="guru99.homepageverifiactionmanger">
        <test-method is-config="true" signature="oprnbrowser()[pri:0, instance:guru99.homepageverifiactionmanger@32ee6fee]" started-at="2023-04-19T21:34:45 IST" name="oprnbrowser" finished-at="2023-04-19T21:34:50 IST" duration-ms="4590" status="PASS">
          <reporter-output>
          </reporter-output>
        </test-method> <!-- oprnbrowser -->
        <test-method is-config="true" signature="logintoapplication()[pri:0, instance:guru99.homepageverifiactionmanger@32ee6fee]" started-at="2023-04-19T21:34:50 IST" name="logintoapplication" finished-at="2023-04-19T21:34:50 IST" duration-ms="82" status="PASS">
          <reporter-output>
          </reporter-output>
        </test-method> <!-- logintoapplication -->
        <test-method signature="test1()[pri:0, instance:guru99.homepageverifiactionmanger@32ee6fee]" started-at="2023-04-19T21:34:50 IST" name="test1" finished-at="2023-04-19T21:34:53 IST" duration-ms="2842" status="PASS">
          <reporter-output>
          </reporter-output>
        </test-method> <!-- test1 -->
        <test-method is-config="true" signature="close()[pri:0, instance:guru99.homepageverifiactionmanger@32ee6fee]" started-at="2023-04-19T21:34:53 IST" name="close" finished-at="2023-04-19T21:34:53 IST" duration-ms="0" status="PASS">
          <reporter-output>
          </reporter-output>
        </test-method> <!-- close -->
        <test-method is-config="true" signature="quite()[pri:0, instance:guru99.homepageverifiactionmanger@32ee6fee]" started-at="2023-04-19T21:34:53 IST" name="quite" finished-at="2023-04-19T21:34:53 IST" duration-ms="196" status="PASS">
          <reporter-output>
          </reporter-output>
        </test-method> <!-- quite -->
      </class> <!-- guru99.homepageverifiactionmanger -->
      <class name="guru99.testscriptinavilddata">
        <test-method is-config="true" signature="oprnbrowser()[pri:0, instance:guru99.testscriptinavilddata@5fbdfdcf]" started-at="2023-04-19T21:34:17 IST" name="oprnbrowser" finished-at="2023-04-19T21:34:26 IST" duration-ms="9269" status="PASS">
          <reporter-output>
          </reporter-output>
        </test-method> <!-- oprnbrowser -->
        <test-method is-config="true" signature="logintoapplication()[pri:0, instance:guru99.testscriptinavilddata@5fbdfdcf]" started-at="2023-04-19T21:34:26 IST" name="logintoapplication" finished-at="2023-04-19T21:34:28 IST" duration-ms="1579" status="PASS">
          <reporter-output>
          </reporter-output>
        </test-method> <!-- logintoapplication -->
        <test-method signature="test1()[pri:0, instance:guru99.testscriptinavilddata@5fbdfdcf]" started-at="2023-04-19T21:34:28 IST" name="test1" finished-at="2023-04-19T21:34:32 IST" duration-ms="4508" status="PASS">
          <reporter-output>
          </reporter-output>
        </test-method> <!-- test1 -->
        <test-method is-config="true" signature="close()[pri:0, instance:guru99.testscriptinavilddata@5fbdfdcf]" started-at="2023-04-19T21:34:32 IST" name="close" finished-at="2023-04-19T21:34:32 IST" duration-ms="0" status="PASS">
          <reporter-output>
          </reporter-output>
        </test-method> <!-- close -->
        <test-method is-config="true" signature="quite()[pri:0, instance:guru99.testscriptinavilddata@5fbdfdcf]" started-at="2023-04-19T21:34:32 IST" name="quite" finished-at="2023-04-19T21:34:33 IST" duration-ms="399" status="PASS">
          <reporter-output>
          </reporter-output>
        </test-method> <!-- quite -->
      </class> <!-- guru99.testscriptinavilddata -->
    </test> <!-- Test -->
  </suite> <!-- Suite -->
</testng-results>
